e:\users\searchy\desktop\c++\csgo base\basehook\release\vc120.pdb
e:\users\searchy\desktop\c++\csgo base\basehook\release\utils.obj
e:\users\searchy\desktop\c++\csgo base\basehook\release\netvars.obj
e:\users\searchy\desktop\c++\csgo base\basehook\release\gui.obj
e:\users\searchy\desktop\c++\csgo base\basehook\release\grenadehint.obj
e:\users\searchy\desktop\c++\csgo base\basehook\release\gameevent.obj
e:\users\searchy\desktop\c++\csgo base\basehook\release\drawing.obj
e:\users\searchy\desktop\c++\csgo base\basehook\release\dllmain.obj
e:\users\searchy\desktop\c++\csgo base\basehook\release\ctablefont.obj
e:\users\searchy\desktop\c++\csgo base\basehook\release\cspread.obj
e:\users\searchy\desktop\c++\csgo base\basehook\release\cnospread.obj
e:\users\searchy\desktop\c++\csgo base\basehook\release\checksum_crc.obj
e:\users\searchy\desktop\c++\csgo base\basehook\release\cconsole.obj
e:\users\searchy\desktop\c++\csgo base\basehook\release\caimbot.obj
e:\users\searchy\desktop\c++\csgo base\release\basehook.dll
e:\users\searchy\desktop\c++\csgo base\basehook\release\caimbot.nativecodeanalysis.xml
e:\users\searchy\desktop\c++\csgo base\basehook\release\cconsole.nativecodeanalysis.xml
e:\users\searchy\desktop\c++\csgo base\basehook\release\checksum_crc.nativecodeanalysis.xml
e:\users\searchy\desktop\c++\csgo base\basehook\release\cnospread.nativecodeanalysis.xml
e:\users\searchy\desktop\c++\csgo base\basehook\release\cspread.nativecodeanalysis.xml
e:\users\searchy\desktop\c++\csgo base\basehook\release\ctablefont.nativecodeanalysis.xml
e:\users\searchy\desktop\c++\csgo base\basehook\release\dllmain.nativecodeanalysis.xml
e:\users\searchy\desktop\c++\csgo base\basehook\release\drawing.nativecodeanalysis.xml
e:\users\searchy\desktop\c++\csgo base\basehook\release\gameevent.nativecodeanalysis.xml
e:\users\searchy\desktop\c++\csgo base\basehook\release\grenadehint.nativecodeanalysis.xml
e:\users\searchy\desktop\c++\csgo base\basehook\release\gui.nativecodeanalysis.xml
e:\users\searchy\desktop\c++\csgo base\basehook\release\netvars.nativecodeanalysis.xml
e:\users\searchy\desktop\c++\csgo base\basehook\release\utils.nativecodeanalysis.xml
e:\users\searchy\desktop\c++\csgo base\basehook\release\basehook.tlog\cl.command.1.tlog
e:\users\searchy\desktop\c++\csgo base\basehook\release\basehook.tlog\cl.read.1.tlog
e:\users\searchy\desktop\c++\csgo base\basehook\release\basehook.tlog\cl.write.1.tlog
e:\users\searchy\desktop\c++\csgo base\basehook\release\basehook.tlog\link.command.1.tlog
e:\users\searchy\desktop\c++\csgo base\basehook\release\basehook.tlog\link.read.1.tlog
e:\users\searchy\desktop\c++\csgo base\basehook\release\basehook.tlog\link.write.1.tlog
